<?xml version="1.0" encoding="UTF-8"?>
<!-- Generated by org.testng.reporters.JUnitReportReporter -->
<testsuite skipped="0" hostname="BOG06PROVL01.local" name="mobile.automation.regression.test.SmokeTest_apk" tests="1" failures="0" timestamp="02 jun 2018 19:06:31 GMT" time="47.923" errors="0">
  <testcase name="test_apk" time="47.923" classname="mobile.automation.regression.test.SmokeTest_apk"/>
</testsuite> <!-- mobile.automation.regression.test.SmokeTest_apk -->
