<?xml version="1.0" encoding="UTF-8"?>
<!-- Generated by org.testng.reporters.JUnitReportReporter -->
<testsuite skipped="0" hostname="BOG06PROVL01.local" name="mobile.automation.regression.test.smokeTest_apk" tests="1" failures="0" timestamp="01 jun 2018 03:23:44 GMT" time="45.729" errors="0">
  <testcase name="test_apk" time="45.729" classname="mobile.automation.regression.test.smokeTest_apk"/>
</testsuite> <!-- mobile.automation.regression.test.smokeTest_apk -->
